1427364301 51011 1510
1427364301 51011 1510 51011 1510
1427364002 51011 1510 51011 1510
1427364000 51011 1510 51011 1510
1427363700 51011 1510 51011 1510
1427363400 51011 1510 51011 1510
1427363100 51011 1510 51011 1510
1427362800 51011 1510 51011 1510
1427362500 51011 1510 51011 1510
1427362200 51011 1510 51011 1510
1427361900 51011 1510 51011 1510
1427361600 51011 1510 51011 1510
1427361300 51011 1510 51011 1510
1427361000 51011 1510 51011 1510
1427360700 51011 1510 51011 1510
1427360400 51011 1510 51011 1510
1427360100 51011 1510 51011 1510
1427359800 51011 1510 51011 1510
1427359500 51011 1510 51011 1510
1427359200 51011 1510 51011 1510
1427358900 51011 1510 51011 1510
1427358600 51011 1510 51011 1510
1427358300 51011 1510 51011 1510
1427358000 51011 1510 51011 1510
1427357700 51011 1510 51011 1510
1427357400 51011 1510 51011 1510
1427357100 51011 1510 51011 1510
1427356800 51011 1510 51011 1510
1427356500 51011 1510 51011 1510
1427356200 51011 1510 51011 1510
1427355900 51011 1510 51011 1510
1427355600 51011 1510 51011 1510
1427355300 51011 1510 51011 1510
1427355000 51011 1510 51011 1510
1427354700 51011 1510 51011 1510
1427354400 51011 1510 51011 1510
1427354100 51011 1510 51011 1510
1427353800 51011 1510 51011 1510
1427353500 51011 1510 51011 1510
1427353200 51011 1510 51011 1510
1427352900 51011 1510 51011 1510
1427352600 51011 1510 51011 1510
1427352300 51011 1510 51011 1510
1427352000 51011 1510 51011 1510
1427351700 51011 1510 51011 1510
1427351400 51011 1510 51011 1510
1427351100 51011 1510 51011 1510
1427350800 51011 1510 51011 1510
1427350500 51011 1510 51011 1510
1427350200 51011 1510 51011 1510
1427349900 51011 1510 51011 1510
1427349600 51011 1510 51011 1510
1427349300 51011 1510 51011 1510
1427349000 51011 1510 51011 1510
1427348700 51011 1510 51011 1510
1427348400 51011 1510 51011 1510
1427348100 51011 1510 51011 1510
1427347800 51011 1510 51011 1510
1427347500 51011 1510 51011 1510
1427347200 51011 1510 51011 1510
1427346900 51011 1510 51011 1510
1427346600 51011 1510 51011 1510
1427346300 51011 1510 51011 1510
1427346000 51011 1510 51011 1510
1427345700 51011 1510 51011 1510
1427345400 51011 1510 51011 1510
1427345100 51011 1510 51011 1510
1427344800 51011 1510 51011 1510
1427344500 51011 1510 51011 1510
1427344200 51011 1510 51011 1510
1427343900 51011 1510 51011 1510
1427343600 51011 1510 51011 1510
1427343300 51011 1510 51011 1510
1427343000 51011 1510 51011 1510
1427342700 51011 1510 51011 1510
1427342400 51011 1510 51011 1510
1427342100 51011 1510 51011 1510
1427341800 51011 1510 51011 1510
1427341500 51011 1510 51011 1510
1427341200 51011 1510 51011 1510
1427340900 51011 1510 51011 1510
1427340600 51011 1510 51011 1510
1427340300 51011 1510 51011 1510
1427340000 51011 1510 51011 1510
1427339700 51011 1510 51011 1510
1427339400 51011 1510 51011 1510
1427339100 51011 1510 51011 1510
1427338800 51011 1510 51011 1510
1427338500 51011 1510 51011 1510
1427338200 51011 1510 51011 1510
1427337900 51011 1510 51011 1510
1427337600 51011 1510 51011 1510
1427337300 51011 1510 51011 1510
1427337000 51011 1510 51011 1510
1427336700 51011 1510 51011 1510
1427336400 51011 1510 51011 1510
1427336100 51011 1510 51011 1510
1427335800 51011 1510 51011 1510
1427335500 51011 1510 51011 1510
1427335200 51011 1510 51011 1510
1427334900 51011 1510 51011 1510
1427334600 51011 1510 51011 1510
1427334300 51011 1510 51011 1510
1427334000 51011 1510 51011 1510
1427333700 51011 1510 51011 1510
1427333400 51011 1510 51011 1510
1427333100 51011 1510 51011 1510
1427332800 51011 1510 51011 1510
1427332500 51011 1510 51011 1510
1427332200 51011 1510 51011 1510
1427331900 51011 1510 51011 1510
1427331600 51011 1510 51011 1510
1427331300 51011 1510 51011 1510
1427331000 51011 1510 51011 1510
1427330700 51011 1510 51011 1510
1427330400 51011 1510 51011 1510
1427330100 51011 1510 51011 1510
1427329800 51011 1510 51011 1510
1427329500 51011 1510 51011 1510
1427329200 51011 1510 51011 1510
1427328900 51011 1510 51011 1510
1427328600 51011 1510 51011 1510
1427328300 51011 1510 51011 1510
1427328000 51011 1510 51011 1510
1427327700 51011 1510 51011 1510
1427327400 51011 1510 51011 1510
1427327100 51011 1510 51011 1510
1427326800 51011 1510 51011 1510
1427326500 51011 1510 51011 1510
1427326200 51011 1510 51011 1510
1427325900 51011 1510 51011 1510
1427325600 51011 1510 51011 1510
1427325300 51011 1510 51011 1510
1427325000 51011 1510 51011 1510
1427324700 51011 1510 51011 1510
1427324400 51011 1510 51011 1510
1427324100 51011 1510 51011 1510
1427323800 51011 1510 51011 1510
1427323500 51011 1510 51011 1510
1427323200 51011 1510 51011 1510
1427322900 51011 1510 51011 1510
1427322600 51011 1510 51011 1510
1427322300 51011 1510 51011 1510
1427322000 51011 1510 51011 1510
1427321700 51011 1510 51011 1510
1427321400 51011 1510 51011 1510
1427321100 51011 1510 51011 1510
1427320800 51011 1510 51011 1510
1427320500 51011 1510 51011 1510
1427320200 51011 1510 51011 1510
1427319900 51011 1510 51011 1510
1427319600 51011 1510 51011 1510
1427319300 51011 1510 51011 1510
1427319000 51011 1510 51011 1510
1427318700 51011 1510 51011 1510
1427318400 51011 1510 51011 1510
1427318100 51011 1510 51011 1510
1427317800 51011 1510 51011 1510
1427317500 51011 1510 51011 1510
1427317200 51011 1510 51011 1510
1427316900 51011 1510 51011 1510
1427316600 51011 1510 51011 1510
1427316300 51011 1510 51011 1510
1427316000 51011 1510 51011 1510
1427315700 51011 1510 51011 1510
1427315400 51011 1510 51011 1510
1427315100 51011 1510 51011 1510
1427314800 51011 1510 51011 1510
1427314500 51011 1510 51011 1510
1427314200 51011 1510 51011 1510
1427313900 51011 1510 51011 1510
1427313600 51011 1510 51011 1510
1427313300 51011 1510 51011 1510
1427313000 51011 1510 51011 1510
1427312700 51011 1510 51011 1510
1427312400 51011 1510 51011 1510
1427312100 51011 1510 51011 1510
1427311800 51011 1510 51011 1510
1427311500 51011 1510 51011 1510
1427311200 51011 1510 51011 1510
1427310900 51011 1510 51011 1510
1427310600 51011 1510 51011 1510
1427310300 51011 1510 51011 1510
1427310000 51011 1510 51011 1510
1427309700 51011 1510 51011 1510
1427309400 51011 1510 51011 1510
1427309100 51011 1510 51011 1510
1427308800 51011 1510 51011 1510
1427308500 51011 1510 51011 1510
1427308200 51011 1510 51011 1510
1427307900 51011 1510 51011 1510
1427307600 51011 1510 51011 1510
1427307300 51011 1510 51011 1510
1427307000 51011 1510 51011 1510
1427306700 51011 1510 51011 1510
1427306400 51011 1510 51011 1510
1427306100 51011 1510 51011 1510
1427305800 51011 1510 51011 1510
1427305500 51011 1510 51011 1510
1427305200 51011 1510 51011 1510
1427304900 51011 1510 51011 1510
1427304600 51011 1510 51011 1510
1427304300 51011 1510 51011 1510
1427304000 51011 1510 51011 1510
1427303700 51011 1510 51011 1510
1427303400 51011 1510 51011 1510
1427303100 51011 1510 51011 1510
1427302800 51011 1510 51011 1510
1427302500 51011 1510 51011 1510
1427302200 51011 1510 51011 1510
1427301900 51011 1510 51011 1510
1427301600 51011 1510 51011 1510
1427301300 51011 1510 51011 1510
1427301000 51011 1510 51011 1510
1427300700 51011 1510 51011 1510
1427300400 51011 1510 51011 1510
1427300100 51011 1510 51011 1510
1427299800 51011 1510 51011 1510
1427299500 51011 1510 51011 1510
1427299200 51011 1510 51011 1510
1427298900 51011 1510 51011 1510
1427298600 51011 1510 51011 1510
1427298300 51011 1510 51011 1510
1427298000 51011 1510 51011 1510
1427297700 51011 1510 51011 1510
1427297400 51011 1510 51011 1510
1427297100 51011 1510 51011 1510
1427296800 51011 1510 51011 1510
1427296500 51011 1510 51011 1510
1427296200 51011 1510 51011 1510
1427295900 51011 1510 51011 1510
1427295600 51011 1510 51011 1510
1427295300 51011 1510 51011 1510
1427295000 51011 1510 51011 1510
1427294700 51011 1510 51011 1510
1427294400 51011 1510 51011 1510
1427294100 51011 1510 51011 1510
1427293800 51011 1510 51011 1510
1427293500 51011 1510 51011 1510
1427293200 51011 1510 51011 1510
1427292900 51011 1510 51011 1510
1427292600 51011 1510 51011 1510
1427292300 51011 1510 51011 1510
1427292000 51011 1510 51011 1510
1427291700 51011 1510 51011 1510
1427291400 51011 1510 51011 1510
1427291100 51011 1510 51011 1510
1427290800 51011 1510 51011 1510
1427290500 51011 1510 51011 1510
1427290200 51011 1510 51011 1510
1427289900 51011 1510 51011 1510
1427289600 51011 1510 51011 1510
1427289300 51011 1510 51011 1510
1427289000 51011 1510 51011 1510
1427288700 51011 1510 51011 1510
1427288400 51011 1510 51011 1510
1427288100 51011 1510 51011 1510
1427287800 51011 1510 51011 1510
1427287500 51011 1510 51011 1510
1427287200 51011 1510 51011 1510
1427286900 51011 1510 51011 1510
1427286600 51011 1510 51011 1510
1427286300 51011 1510 51011 1510
1427286000 51011 1510 51011 1510
1427285700 51011 1510 51011 1510
1427285400 51011 1510 51011 1510
1427285100 51011 1510 51011 1510
1427284800 51011 1510 51011 1510
1427284500 51011 1510 51011 1510
1427284200 51011 1510 51011 1510
1427283900 51011 1510 51011 1510
1427283600 51011 1510 51011 1510
1427283300 51011 1510 51011 1510
1427283000 51011 1510 51011 1510
1427282700 51011 1510 51011 1510
1427282400 51011 1510 51011 1510
1427282100 51011 1510 51011 1510
1427281800 51011 1510 51011 1510
1427281500 51011 1510 51011 1510
1427281200 51011 1510 51011 1510
1427280900 51011 1510 51011 1510
1427280600 51011 1510 51011 1510
1427280300 51011 1510 51011 1510
1427280000 51011 1510 51011 1510
1427279700 51011 1510 51011 1510
1427279400 51011 1510 51011 1510
1427279100 51011 1510 51011 1510
1427278800 51011 1510 51011 1510
1427278500 51011 1510 51011 1510
1427278200 51011 1510 51011 1510
1427277900 51011 1510 51011 1510
1427277600 51011 1510 51011 1510
1427277300 51011 1510 51011 1510
1427277000 51011 1510 51011 1510
1427276700 51011 1510 51011 1510
1427276400 51011 1510 51011 1510
1427276100 51011 1510 51011 1510
1427275800 51011 1510 51011 1510
1427275500 51011 1510 51011 1510
1427275200 51011 1510 51011 1510
1427274900 51011 1510 51011 1510
1427274600 51011 1510 51011 1510
1427274300 51011 1510 51011 1510
1427274000 51011 1510 51011 1510
1427273700 51011 1510 51011 1510
1427273400 51011 1510 51011 1510
1427273100 51011 1510 51011 1510
1427272800 51011 1510 51011 1510
1427272500 51011 1510 51011 1510
1427272200 51011 1510 51011 1510
1427271900 51011 1510 51011 1510
1427271600 51011 1510 51011 1510
1427271300 51011 1510 51011 1510
1427271000 51011 1510 51011 1510
1427270700 51011 1510 51011 1510
1427270400 51011 1510 51011 1510
1427270100 51011 1510 51011 1510
1427269800 51011 1510 51011 1510
1427269500 51011 1510 51011 1510
1427269200 51011 1510 51011 1510
1427268900 51011 1510 51011 1510
1427268600 51011 1510 51011 1510
1427268300 51011 1510 51011 1510
1427268000 51011 1510 51011 1510
1427267700 51011 1510 51011 1510
1427267400 51011 1510 51011 1510
1427267100 51011 1510 51011 1510
1427266800 51011 1510 51011 1510
1427266500 51011 1510 51011 1510
1427266200 51011 1510 51011 1510
1427265900 51011 1510 51011 1510
1427265600 51011 1510 51011 1510
1427265300 51011 1510 51011 1510
1427265000 51011 1510 51011 1510
1427264700 51011 1510 51011 1510
1427264400 51011 1510 51011 1510
1427264100 51011 1510 51011 1510
1427263800 51011 1510 51011 1510
1427263500 51011 1510 51011 1510
1427263200 51011 1510 51011 1510
1427262900 51011 1510 51011 1510
1427262600 51011 1510 51011 1510
1427262300 51011 1510 51011 1510
1427262000 51011 1510 51011 1510
1427261700 51011 1510 51011 1510
1427261400 51011 1510 51011 1510
1427261100 51011 1510 51011 1510
1427260800 51011 1510 51011 1510
1427260500 51011 1510 51011 1510
1427260200 51011 1510 51011 1510
1427259900 51011 1510 51011 1510
1427259600 51011 1510 51011 1510
1427259300 51011 1510 51011 1510
1427259000 51011 1510 51011 1510
1427258700 51011 1510 51011 1510
1427258400 51011 1510 51011 1510
1427258100 51011 1510 51011 1510
1427257800 51011 1510 51011 1510
1427257500 51011 1510 51011 1510
1427257200 51011 1510 51011 1510
1427256900 51011 1510 51011 1510
1427256600 51011 1510 51011 1510
1427256300 51011 1510 51011 1510
1427256000 51011 1510 51011 1510
1427255700 51011 1510 51011 1510
1427255400 51011 1510 51011 1510
1427255100 51011 1510 51011 1510
1427254800 51011 1510 51011 1510
1427254500 51011 1510 51011 1510
1427254200 51011 1510 51011 1510
1427253900 51011 1510 51011 1510
1427253600 51011 1510 51011 1510
1427253300 51011 1510 51011 1510
1427253000 51011 1510 51011 1510
1427252700 51011 1510 51011 1510
1427252400 51011 1510 51011 1510
1427252100 51011 1510 51011 1510
1427251800 51011 1510 51011 1510
1427251500 51011 1510 51011 1510
1427251200 51011 1510 51011 1510
1427250900 51011 1510 51011 1510
1427250600 51011 1510 51011 1510
1427250300 51011 1510 51011 1510
1427250000 51011 1510 51011 1510
1427249700 51011 1510 51011 1510
1427249400 51011 1510 51011 1510
1427249100 51011 1510 51011 1510
1427248800 51011 1510 51011 1510
1427248500 51011 1510 51011 1510
1427248200 51011 1510 51011 1510
1427247900 51011 1510 51011 1510
1427247600 51011 1510 51011 1510
1427247300 51011 1510 51011 1510
1427247000 51011 1510 51011 1510
1427246700 51011 1510 51011 1510
1427246400 51011 1510 51011 1510
1427246100 51011 1510 51011 1510
1427245800 51011 1510 51011 1510
1427245500 51011 1510 51011 1510
1427245200 51011 1510 51011 1510
1427244900 51011 1510 51011 1510
1427244600 51011 1510 51011 1510
1427244300 51011 1510 51011 1510
1427244000 51011 1510 51011 1510
1427243700 51011 1510 51011 1510
1427243400 51011 1510 51011 1510
1427243100 51011 1510 51011 1510
1427242800 51011 1510 51011 1510
1427242500 51011 1510 51011 1510
1427242200 51011 1510 51011 1510
1427241900 51011 1510 51011 1510
1427241600 51011 1510 51011 1510
1427241300 51011 1510 51011 1510
1427241000 51011 1510 51011 1510
1427240700 51011 1510 51011 1510
1427240400 51011 1510 51011 1510
1427240100 51011 1510 51011 1510
1427239800 51011 1510 51011 1510
1427239500 51011 1510 51011 1510
1427239200 51011 1510 51011 1510
1427238900 51011 1510 51011 1510
1427238600 51011 1510 51011 1510
1427238300 51011 1510 51011 1510
1427238000 51011 1510 51011 1510
1427237700 51011 1510 51011 1510
1427237400 51011 1510 51011 1510
1427237100 51011 1510 51011 1510
1427236800 51011 1510 51011 1510
1427236500 51011 1510 51011 1510
1427236200 51011 1510 51011 1510
1427235900 51011 1510 51011 1510
1427235600 51011 1510 51011 1510
1427235300 51011 1510 51011 1510
1427235000 51011 1510 51011 1510
1427234700 51011 1510 51011 1510
1427234400 51011 1510 51011 1510
1427234100 51011 1510 51011 1510
1427233800 51011 1510 51011 1510
1427233500 51011 1510 51011 1510
1427233200 51011 1510 51011 1510
1427232900 51011 1510 51011 1510
1427232600 51011 1510 51011 1510
1427232300 51011 1510 51011 1510
1427232000 51011 1510 51011 1510
1427231700 51011 1510 51011 1510
1427231400 51011 1510 51011 1510
1427231100 51011 1510 51011 1510
1427230800 51011 1510 51011 1510
1427230500 51011 1510 51011 1510
1427230200 51011 1510 51011 1510
1427229900 51011 1510 51011 1510
1427229600 51011 1510 51011 1510
1427229300 51011 1510 51011 1510
1427229000 51011 1510 51011 1510
1427228700 51011 1510 51011 1510
1427228400 51011 1510 51011 1510
1427228100 51011 1510 51011 1510
1427227800 51011 1510 51011 1510
1427227500 51011 1510 51011 1510
1427227200 51011 1510 51011 1510
1427226900 51011 1510 51011 1510
1427226600 51011 1510 51011 1510
1427226300 51011 1510 51011 1510
1427226000 51011 1510 51011 1510
1427225700 51011 1510 51011 1510
1427225400 51011 1510 51011 1510
1427225100 51011 1510 51011 1510
1427224800 51011 1510 51011 1510
1427224500 51011 1510 51011 1510
1427224200 51011 1510 51011 1510
1427223900 51011 1510 51011 1510
1427223600 51011 1510 51011 1510
1427223300 51011 1510 51011 1510
1427223000 51011 1510 51011 1510
1427222700 51011 1510 51011 1510
1427222400 51011 1510 51011 1510
1427222100 51011 1510 51011 1510
1427221800 51011 1510 51011 1510
1427221500 51011 1510 51011 1510
1427221200 51011 1510 51011 1510
1427220900 51011 1510 51011 1510
1427220600 51011 1510 51011 1510
1427220300 51011 1510 51011 1510
1427220000 51011 1510 51011 1510
1427219700 51011 1510 51011 1510
1427219400 51011 1510 51011 1510
1427219100 51011 1510 51011 1510
1427218800 51011 1510 51011 1510
1427218500 51011 1510 51011 1510
1427218200 51011 1510 51011 1510
1427217900 51011 1510 51011 1510
1427217600 51011 1510 51011 1510
1427217300 51011 1510 51011 1510
1427217000 51011 1510 51011 1510
1427216700 51011 1510 51011 1510
1427216400 51011 1510 51011 1510
1427216100 51011 1510 51011 1510
1427215800 51011 1510 51011 1510
1427215500 51011 1510 51011 1510
1427215200 51011 1510 51011 1510
1427214900 51011 1510 51011 1510
1427214600 51011 1510 51011 1510
1427214300 51011 1510 51011 1510
1427214000 51011 1510 51011 1510
1427213700 51011 1510 51011 1510
1427213400 51011 1510 51011 1510
1427213100 51011 1510 51011 1510
1427212800 51011 1510 51011 1510
1427212500 51011 1510 51011 1510
1427212200 51011 1510 51011 1510
1427211900 51011 1510 51011 1510
1427211600 51011 1510 51011 1510
1427211300 51011 1510 51011 1510
1427211000 51011 1510 51011 1510
1427210700 51011 1510 51011 1510
1427210400 51011 1510 51011 1510
1427210100 51011 1510 51011 1510
1427209800 51011 1510 51011 1510
1427209500 51011 1510 51011 1510
1427209200 51011 1510 51011 1510
1427208900 51011 1510 51011 1510
1427208600 51011 1510 51011 1510
1427208300 51011 1510 51011 1510
1427208000 51011 1510 51011 1510
1427207700 51011 1510 51011 1510
1427207400 51011 1510 51011 1510
1427207100 51011 1510 51011 1510
1427206800 51011 1510 51011 1510
1427206500 51011 1510 51011 1510
1427206200 51011 1510 51011 1510
1427205900 51011 1510 51011 1510
1427205600 51011 1510 51011 1510
1427205300 51011 1510 51011 1510
1427205000 51011 1510 51011 1510
1427204700 51011 1510 51011 1510
1427204400 51011 1510 51011 1510
1427204100 51011 1510 51011 1510
1427203800 51011 1510 51011 1510
1427203500 51011 1510 51011 1510
1427203200 51011 1510 51011 1510
1427202900 51011 1510 51011 1510
1427202600 51011 1510 51011 1510
1427202300 51011 1510 51011 1510
1427202000 51011 1510 51011 1510
1427201700 51011 1510 51011 1510
1427201400 51011 1510 51011 1510
1427201100 51011 1510 51011 1510
1427200800 51011 1510 51011 1510
1427200500 51011 1510 51011 1510
1427200200 51011 1510 51011 1510
1427199900 51011 1510 51011 1510
1427199600 51011 1510 51011 1510
1427199300 51011 1510 51011 1510
1427199000 51011 1510 51011 1510
1427198700 51011 1510 51011 1510
1427198400 51011 1510 51011 1510
1427198100 51011 1510 51011 1510
1427197800 51011 1510 51011 1510
1427197500 51011 1510 51011 1510
1427197200 51011 1510 51011 1510
1427196900 51011 1510 51011 1510
1427196600 51011 1510 51011 1510
1427196300 51011 1510 51011 1510
1427196000 51011 1510 51011 1510
1427195700 51011 1510 51011 1510
1427195400 51011 1510 51011 1510
1427195100 51011 1510 51011 1510
1427194800 51011 1510 51011 1510
1427194500 51011 1510 51011 1510
1427194200 51011 1510 51011 1510
1427193900 51011 1510 51011 1510
1427193600 51011 1510 51011 1510
1427193300 51011 1510 51011 1510
1427193000 51011 1510 51011 1510
1427192700 51011 1510 51011 1510
1427192400 51011 1510 51011 1510
1427192100 51011 1510 51011 1510
1427191800 51011 1510 51011 1510
1427191500 51011 1510 51011 1510
1427191200 51011 1510 51011 1510
1427190900 51011 1510 51011 1510
1427190600 51011 1510 51011 1510
1427190300 51011 1510 51011 1510
1427190000 51011 1510 51011 1510
1427189700 51011 1510 51011 1510
1427189400 51011 1510 51011 1510
1427189100 51011 1510 51011 1510
1427188800 51011 1510 51011 1510
1427188500 51011 1510 51011 1510
1427188200 51011 1510 51011 1510
1427187900 51011 1510 51011 1510
1427187600 51011 1510 51011 1510
1427187300 51011 1510 51011 1510
1427187000 51011 1510 51011 1510
1427186700 51011 1510 51011 1510
1427186400 51011 1510 51011 1510
1427186100 51011 1510 51011 1510
1427185800 51011 1510 51011 1510
1427185500 51011 1510 51011 1510
1427185200 51011 1510 51011 1510
1427184900 51011 1510 51011 1510
1427184600 51011 1510 51011 1510
1427184300 51011 1510 51011 1510
1427184000 51011 1510 51011 1510
1427182200 51011 1510 51011 1510
1427180400 51011 1510 51011 1510
1427178600 51011 1510 51011 1510
1427176800 51011 1510 51011 1510
1427175000 51011 1510 51011 1510
1427173200 51011 1510 51011 1510
1427171400 51011 1510 51011 1510
1427169600 51011 1510 51011 1510
1427167800 51011 1510 51011 1510
1427166000 51011 1510 51011 1510
1427164200 51011 1510 51011 1510
1427162400 51011 1510 51011 1510
1427160600 51011 1510 51011 1510
1427158800 51011 1510 51011 1510
1427157000 51011 1510 51011 1510
1427155200 51011 1510 51011 1510
1427153400 51011 1510 51011 1510
1427151600 51011 1510 51011 1510
1427149800 51011 1510 51011 1510
1427148000 51011 1510 51011 1510
1427146200 51011 1510 51011 1510
1427144400 51011 1510 51011 1510
1427142600 51011 1510 51011 1510
1427140800 51011 1510 51011 1510
1427139000 51011 1510 51011 1510
1427137200 51011 1510 51011 1510
1427135400 51011 1510 51011 1510
1427133600 51011 1510 51011 1510
1427131800 51011 1510 51011 1510
1427130000 51011 1510 51011 1510
1427128200 51011 1510 51011 1510
1427126400 51011 1510 51011 1510
1427124600 51011 1510 51011 1510
1427122800 51011 1510 51011 1510
1427121000 51011 1510 51011 1510
1427119200 51011 1510 51011 1510
1427117400 51011 1510 51011 1510
1427115600 51011 1510 51011 1510
1427113800 51011 1510 51011 1510
1427112000 51011 1510 51011 1510
1427110200 51011 1510 51011 1510
1427108400 51011 1510 51011 1510
1427106600 51011 1510 51011 1510
1427104800 51011 1510 51011 1510
1427103000 51011 1510 51011 1510
1427101200 51011 1510 51011 1510
1427099400 51011 1510 51011 1510
1427097600 51011 1510 51011 1510
1427095800 51011 1510 51011 1510
1427094000 51011 1510 51011 1510
1427092200 51011 1510 51011 1510
1427090400 51011 1510 51011 1510
1427088600 51011 1510 51011 1510
1427086800 51011 1510 51011 1510
1427085000 51011 1510 51011 1510
1427083200 51011 1510 51011 1510
1427081400 51011 1510 51011 1510
1427079600 51011 1510 51011 1510
1427077800 51011 1510 51011 1510
1427076000 51011 1510 51011 1510
1427074200 51011 1510 51011 1510
1427072400 51011 1510 51011 1510
1427070600 51011 1510 51011 1510
1427068800 51011 1510 51011 1510
1427067000 51011 1510 51011 1510
1427065200 51011 1510 51011 1510
1427063400 51011 1510 51011 1510
1427061600 51011 1510 51011 1510
1427059800 51011 1510 51011 1510
1427058000 51011 1510 51011 1510
1427056200 51011 1510 51011 1510
1427054400 51011 1510 51011 1510
1427052600 51011 1510 51011 1510
1427050800 51011 1510 51011 1510
1427049000 51011 1510 51011 1510
1427047200 51011 1510 51011 1510
1427045400 51011 1510 51011 1510
1427043600 51011 1510 51011 1510
1427041800 51011 1510 51011 1510
1427040000 51011 1510 51011 1510
1427038200 51011 1510 51011 1510
1427036400 51011 1510 51011 1510
1427034600 51011 1510 51011 1510
1427032800 51011 1510 51011 1510
1427031000 51011 1510 51011 1510
1427029200 51011 1510 51011 1510
1427027400 51011 1510 51011 1510
1427025600 51011 1510 51011 1510
1427023800 51011 1510 51011 1510
1427022000 51011 1510 51011 1510
1427020200 51011 1510 51011 1510
1427018400 51011 1510 51011 1510
1427016600 51011 1510 51011 1510
1427014800 51011 1510 51011 1510
1427013000 51011 1510 51011 1510
1427011200 51011 1510 51011 1510
1427009400 51011 1510 51011 1510
1427007600 51011 1510 51011 1510
1427005800 51011 1510 51011 1510
1427004000 51011 1510 51011 1510
1427002200 51011 1510 51011 1510
1427000400 51011 1510 51011 1510
1426998600 51011 1510 51011 1510
1426996800 51011 1510 51011 1510
1426995000 51011 1510 51011 1510
1426993200 51011 1510 51011 1510
1426991400 51011 1510 51011 1510
1426989600 51011 1510 51011 1510
1426987800 51011 1510 51011 1510
1426986000 51011 1510 51011 1510
1426984200 51011 1510 51011 1510
1426982400 51011 1510 51011 1510
1426980600 51011 1510 51011 1510
1426978800 51011 1510 51011 1510
1426977000 51011 1510 51011 1510
1426975200 51011 1510 51011 1510
1426973400 51011 1510 51011 1510
1426971600 51011 1510 51011 1510
1426969800 51011 1510 51011 1510
1426968000 51011 1510 51011 1510
1426966200 51011 1510 51011 1510
1426964400 51011 1510 51011 1510
1426962600 51011 1510 51011 1510
1426960800 51011 1510 51011 1510
1426959000 51011 1510 51011 1510
1426957200 51011 1510 51011 1510
1426955400 51011 1510 51011 1510
1426953600 51011 1510 51011 1510
1426951800 51011 1510 51011 1510
1426950000 51011 1510 51011 1510
1426948200 51011 1510 51011 1510
1426946400 51011 1510 51011 1510
1426944600 51011 1510 51011 1510
1426942800 51011 1510 51011 1510
1426941000 51011 1510 51011 1510
1426939200 51011 1510 51011 1510
1426937400 51011 1510 51011 1510
1426935600 51011 1510 51011 1510
1426933800 51011 1510 51011 1510
1426932000 51011 1510 51011 1510
1426930200 51011 1510 51011 1510
1426928400 51011 1510 51011 1510
1426926600 51011 1510 51011 1510
1426924800 51011 1510 51011 1510
1426923000 51011 1510 51011 1510
1426921200 51011 1510 51011 1510
1426919400 51011 1510 51011 1510
1426917600 51011 1510 51011 1510
1426915800 51011 1510 51011 1510
1426914000 51011 1510 51011 1510
1426912200 51011 1510 51011 1510
1426910400 51011 1510 51011 1510
1426908600 51011 1510 51011 1510
1426906800 51011 1510 51011 1510
1426905000 51011 1510 51011 1510
1426903200 51011 1510 51011 1510
1426901400 51011 1510 51011 1510
1426899600 51011 1510 51011 1510
1426897800 51011 1510 51011 1510
1426896000 51011 1510 51011 1510
1426894200 51011 1510 51011 1510
1426892400 51011 1510 51011 1510
1426890600 51011 1510 51011 1510
1426888800 51011 1510 51011 1510
1426887000 51011 1510 51011 1510
1426885200 51011 1510 51011 1510
1426883400 51011 1510 51011 1510
1426881600 51011 1510 51011 1510
1426879800 51011 1510 51011 1510
1426878000 51011 1510 51011 1510
1426876200 51011 1510 51011 1510
1426874400 51011 1510 51011 1510
1426872600 51011 1510 51011 1510
1426870800 51011 1510 51011 1510
1426869000 51011 1510 51011 1510
1426867200 51011 1510 51011 1510
1426865400 51011 1510 51011 1510
1426863600 51011 1510 51011 1510
1426861800 51011 1510 51011 1510
1426860000 51011 1510 51011 1510
1426858200 51011 1510 51011 1510
1426856400 51011 1510 51011 1510
1426854600 51011 1510 51011 1510
1426852800 51011 1510 51011 1510
1426851000 51011 1510 51011 1510
1426849200 51011 1510 51011 1510
1426847400 51011 1510 51011 1510
1426845600 51011 1510 51011 1510
1426843800 51011 1510 51011 1510
1426842000 51011 1510 51011 1510
1426840200 51011 1510 51011 1510
1426838400 51011 1510 51011 1510
1426836600 51011 1510 51011 1510
1426834800 51011 1510 51011 1510
1426833000 51011 1510 51011 1510
1426831200 51011 1510 51011 1510
1426829400 51011 1510 51011 1510
1426827600 51011 1510 51011 1510
1426825800 51011 1510 51011 1510
1426824000 51011 1510 51011 1510
1426822200 51011 1510 51011 1510
1426820400 51011 1510 51011 1510
1426818600 51011 1510 51011 1510
1426816800 51011 1510 51011 1510
1426815000 51011 1510 51011 1510
1426813200 51011 1510 51011 1510
1426811400 51011 1510 51011 1510
1426809600 51011 1510 51011 1510
1426807800 51011 1510 51011 1510
1426806000 51011 1510 51011 1510
1426804200 51011 1510 51011 1510
1426802400 51011 1510 51011 1510
1426800600 51011 1510 51011 1510
1426798800 51011 1510 51011 1510
1426797000 51011 1510 51011 1510
1426795200 51011 1510 51011 1510
1426793400 51011 1510 51011 1510
1426791600 51011 1510 51011 1510
1426789800 51011 1510 51011 1510
1426788000 51011 1510 51011 1510
1426786200 51011 1510 51011 1510
1426784400 51011 1510 51011 1510
1426782600 51011 1510 51011 1510
1426780800 51011 1510 51011 1510
1426779000 51011 1510 51011 1510
1426777200 51011 1510 51011 1510
1426775400 51011 1510 51011 1510
1426773600 51011 1510 51011 1510
1426771800 51011 1510 51011 1510
1426770000 51011 1510 51011 1510
1426768200 51011 1510 51011 1510
1426766400 51011 1510 51011 1510
1426764600 51011 1510 51011 1510
1426762800 51011 1510 51011 1510
1426761000 51011 1510 51011 1510
1426759200 51011 1510 51011 1510
1426757400 51011 1510 51011 1510
1426755600 51011 1510 51011 1510
1426753800 51011 1510 51011 1510
1426752000 51011 1510 51011 1510
1426750200 51011 1510 51011 1510
1426748400 51011 1510 51011 1510
1426746600 51011 1510 51011 1510
1426744800 51011 1510 51011 1510
1426743000 51011 1510 51011 1510
1426741200 51011 1510 51011 1510
1426739400 51011 1510 51011 1510
1426737600 51011 1510 51011 1510
1426735800 51011 1510 51011 1510
1426734000 51011 1510 51011 1510
1426732200 51011 1510 51011 1510
1426730400 51011 1510 51011 1510
1426728600 51011 1510 51011 1510
1426726800 51011 1510 51011 1510
1426725000 51011 1510 51011 1510
1426723200 51011 1510 51011 1510
1426721400 51011 1510 51011 1510
1426719600 51011 1510 51011 1510
1426717800 51011 1510 51011 1510
1426716000 51011 1510 51011 1510
1426714200 51011 1510 51011 1510
1426712400 51011 1510 51011 1510
1426710600 51011 1510 51011 1510
1426708800 51011 1510 51011 1510
1426707000 51011 1510 51011 1510
1426705200 51011 1510 51011 1510
1426703400 51011 1510 51011 1510
1426701600 51011 1510 51011 1510
1426699800 51011 1510 51011 1510
1426698000 51011 1510 51011 1510
1426696200 51011 1510 51011 1510
1426694400 51011 1510 51011 1510
1426692600 51011 1510 51011 1510
1426690800 51011 1510 51011 1510
1426689000 51011 1510 51011 1510
1426687200 51011 1510 51011 1510
1426685400 51011 1510 51011 1510
1426683600 51011 1510 51011 1510
1426681800 51011 1510 51011 1510
1426680000 51011 1510 51011 1510
1426678200 51011 1510 51011 1510
1426676400 51011 1510 51011 1510
1426674600 51011 1510 51011 1510
1426672800 51011 1510 51011 1510
1426671000 51011 1510 51011 1510
1426669200 51011 1510 51011 1510
1426667400 51011 1510 51011 1510
1426665600 51011 1510 51011 1510
1426663800 51011 1510 51011 1510
1426662000 51011 1510 51011 1510
1426660200 51011 1510 51011 1510
1426658400 51011 1510 51011 1510
1426656600 51011 1510 51011 1510
1426654800 51011 1510 51011 1510
1426653000 51011 1510 51011 1510
1426651200 51011 1510 51011 1510
1426649400 51011 1510 51011 1510
1426647600 51011 1510 51011 1510
1426645800 51011 1510 51011 1510
1426644000 51011 1510 51011 1510
1426642200 51011 1510 51011 1510
1426640400 51011 1510 51011 1510
1426638600 51011 1510 51011 1510
1426636800 51011 1510 51011 1510
1426635000 51011 1510 51011 1510
1426633200 51011 1510 51011 1510
1426631400 51011 1510 51011 1510
1426629600 51011 1510 51011 1510
1426627800 51011 1510 51011 1510
1426626000 51011 1510 51011 1510
1426624200 51011 1510 51011 1510
1426622400 51011 1510 51011 1510
1426620600 51011 1510 51011 1510
1426618800 51011 1510 51011 1510
1426617000 51011 1510 51011 1510
1426615200 51011 1510 51011 1510
1426613400 51011 1510 51011 1510
1426611600 51011 1510 51011 1510
1426609800 51011 1510 51011 1510
1426608000 51011 1510 51011 1510
1426606200 51011 1510 51011 1510
1426604400 51011 1510 51011 1510
1426602600 51011 1510 51011 1510
1426600800 51011 1510 51011 1510
1426599000 51011 1510 51011 1510
1426597200 51011 1510 51011 1510
1426595400 51011 1510 51011 1510
1426593600 51011 1510 51011 1510
1426591800 51011 1510 51011 1510
1426590000 51011 1510 51011 1510
1426588200 51011 1510 51011 1510
1426586400 51011 1510 51011 1510
1426584600 51011 1510 51011 1510
1426582800 51011 1510 51011 1510
1426581000 51011 1510 51011 1510
1426579200 51011 1510 51011 1510
1426577400 51011 1510 51011 1510
1426575600 51011 1510 51011 1510
1426573800 51011 1510 51011 1510
1426572000 51011 1510 51011 1510
1426570200 51011 1510 51011 1510
1426568400 51011 1510 51011 1510
1426566600 51011 1510 51011 1510
1426564800 51011 1510 51011 1510
1426563000 51011 1510 51011 1510
1426561200 51011 1510 51011 1510
1426559400 51011 1510 51011 1510
1426557600 51011 1510 51011 1510
1426555800 51011 1510 51011 1510
1426554000 51011 1510 51011 1510
1426552200 51011 1510 51011 1510
1426550400 51011 1510 51011 1510
1426548600 51011 1510 51011 1510
1426546800 51011 1510 51011 1510
1426545000 51011 1510 51011 1510
1426543200 51011 1510 51011 1510
1426541400 51011 1510 51011 1510
1426539600 51011 1510 51011 1510
1426537800 51011 1510 51011 1510
1426536000 51011 1510 51011 1510
1426534200 51011 1510 51011 1510
1426532400 51011 1510 51011 1510
1426530600 51011 1510 51011 1510
1426528800 51011 1510 51011 1510
1426527000 51011 1510 51011 1510
1426525200 51011 1510 51011 1510
1426523400 51011 1510 51011 1510
1426521600 51011 1510 51011 1510
1426519800 51011 1510 51011 1510
1426518000 51011 1510 51011 1510
1426516200 51011 1510 51011 1510
1426514400 51011 1510 51011 1510
1426512600 51011 1510 51011 1510
1426510800 51011 1510 51011 1510
1426509000 51011 1510 51011 1510
1426507200 51011 1510 51011 1510
1426505400 51011 1510 51011 1510
1426503600 51011 1510 51011 1510
1426501800 51011 1510 51011 1510
1426500000 51011 1510 51011 1510
1426498200 51011 1510 51011 1510
1426496400 51011 1510 51011 1510
1426494600 51011 1510 51011 1510
1426492800 51011 1510 51011 1510
1426491000 51011 1510 51011 1510
1426489200 51011 1510 51011 1510
1426487400 51011 1510 51011 1510
1426485600 51011 1510 51011 1510
1426483800 51011 1510 51011 1510
1426482000 51011 1510 51011 1510
1426480200 51011 1510 51011 1510
1426478400 51011 1510 51011 1510
1426476600 51011 1510 51011 1510
1426474800 51011 1510 51011 1510
1426473000 51011 1510 51011 1510
1426471200 51011 1510 51011 1510
1426469400 51011 1510 51011 1510
1426467600 51011 1510 51011 1510
1426465800 51011 1510 51011 1510
1426464000 51011 1510 51011 1510
1426462200 51011 1510 51011 1510
1426460400 51011 1510 51011 1510
1426458600 51011 1510 51011 1510
1426456800 51011 1510 51011 1510
1426455000 51011 1510 51011 1510
1426453200 51011 1510 51011 1510
1426451400 51011 1510 51011 1510
1426449600 51011 1510 51011 1510
1426447800 51011 1510 51011 1510
1426446000 51011 1510 51011 1510
1426444200 51011 1510 51011 1510
1426442400 51011 1510 51011 1510
1426440600 51011 1510 51011 1510
1426438800 51011 1510 51011 1510
1426437000 51011 1510 51011 1510
1426435200 51011 1510 51011 1510
1426433400 51011 1510 51011 1510
1426431600 51011 1510 51011 1510
1426429800 51011 1510 51011 1510
1426428000 51011 1510 51011 1510
1426426200 51011 1510 51011 1510
1426424400 51011 1510 51011 1510
1426422600 51011 1510 51011 1510
1426420800 51011 1510 51011 1510
1426419000 51011 1510 51011 1510
1426417200 51011 1510 51011 1510
1426415400 51011 1510 51011 1510
1426413600 51011 1510 51011 1510
1426411800 51011 1510 51011 1510
1426410000 51011 1510 51011 1510
1426408200 51011 1510 51011 1510
1426406400 51011 1510 51011 1510
1426404600 51011 1510 51011 1510
1426402800 51011 1510 51011 1510
1426401000 51011 1510 51011 1510
1426399200 51011 1510 51011 1510
1426397400 51011 1510 51011 1510
1426395600 51011 1510 51011 1510
1426393800 51011 1510 51011 1510
1426392000 51011 1510 51011 1510
1426390200 51011 1510 51011 1510
1426388400 51011 1510 51011 1510
1426386600 51011 1510 51011 1510
1426384800 51011 1510 51011 1510
1426383000 51011 1510 51011 1510
1426381200 51011 1510 51011 1510
1426379400 51011 1510 51011 1510
1426377600 51011 1510 51011 1510
1426375800 51011 1510 51011 1510
1426374000 51011 1510 51011 1510
1426372200 51011 1510 51011 1510
1426370400 51011 1510 51011 1510
1426368600 51011 1510 51011 1510
1426366800 51011 1510 51011 1510
1426365000 51011 1510 51011 1510
1426363200 51011 1510 51011 1510
1426361400 51011 1510 51011 1510
1426359600 51011 1510 51011 1510
1426357800 51011 1510 51011 1510
1426356000 51011 1510 51011 1510
1426354200 51011 1510 51011 1510
1426352400 51011 1510 51011 1510
1426350600 51011 1510 51011 1510
1426348800 51011 1510 51011 1510
1426347000 51011 1510 51011 1510
1426345200 51011 1510 51011 1510
1426343400 51011 1510 51011 1510
1426341600 51011 1510 51011 1510
1426339800 51011 1510 51011 1510
1426338000 51011 1510 51011 1510
1426336200 51011 1510 51011 1510
1426334400 51011 1510 51011 1510
1426332600 51011 1510 51011 1510
1426330800 51011 1510 51011 1510
1426329000 51011 1510 51011 1510
1426327200 51011 1510 51011 1510
1426325400 51011 1510 51011 1510
1426323600 51011 1510 51011 1510
1426321800 51011 1510 51011 1510
1426320000 51011 1510 51011 1510
1426318200 51011 1510 51011 1510
1426316400 51011 1510 51011 1510
1426314600 51011 1510 51011 1510
1426312800 51011 1510 51011 1510
1426311000 51011 1510 51011 1510
1426309200 51011 1510 51011 1510
1426307400 51011 1510 51011 1510
1426305600 51011 1510 51011 1510
1426303800 51011 1510 51011 1510
1426302000 51011 1510 51011 1510
1426300200 51011 1510 51011 1510
1426298400 51011 1510 51011 1510
1426296600 51011 1510 51011 1510
1426294800 51011 1510 51011 1510
1426293000 51011 1510 51011 1510
1426291200 51011 1510 51011 1510
1426289400 51011 1510 51011 1510
1426287600 51011 1510 51011 1510
1426285800 51011 1510 51011 1510
1426284000 51011 1510 51011 1510
1426282200 51011 1510 51011 1510
1426280400 51011 1510 51011 1510
1426278600 51011 1510 51011 1510
1426276800 51011 1510 51011 1510
1426275000 51011 1510 51011 1510
1426273200 51011 1510 51011 1510
1426271400 51011 1510 51011 1510
1426269600 51011 1510 51011 1510
1426267800 51011 1510 51011 1510
1426266000 51011 1510 51011 1510
1426264200 51011 1510 51011 1510
1426262400 51011 1510 51011 1510
1426260600 51011 1510 51011 1510
1426258800 51011 1510 51011 1510
1426257000 51011 1510 51011 1510
1426255200 51011 1510 51011 1510
1426253400 51011 1510 51011 1510
1426251600 51011 1510 51011 1510
1426249800 51011 1510 51011 1510
1426248000 51011 1510 51011 1510
1426246200 51011 1510 51011 1510
1426244400 51011 1510 51011 1510
1426242600 51011 1510 51011 1510
1426240800 51011 1510 51011 1510
1426239000 51011 1510 51011 1510
1426237200 51011 1510 51011 1510
1426235400 51011 1510 51011 1510
1426233600 51011 1510 51011 1510
1426231800 51011 1510 51011 1510
1426230000 51011 1510 51011 1510
1426228200 51011 1510 51011 1510
1426226400 51011 1510 51011 1510
1426224600 51011 1510 51011 1510
1426222800 51011 1510 51011 1510
1426221000 51011 1510 51011 1510
1426219200 51011 1510 51011 1510
1426217400 51011 1510 51011 1510
1426215600 51011 1510 51011 1510
1426213800 51011 1510 51011 1510
1426212000 51011 1510 51011 1510
1426210200 51011 1510 51011 1510
1426208400 51011 1510 51011 1510
1426206600 51011 1510 51011 1510
1426204800 51011 1510 51011 1510
1426203000 51011 1510 51011 1510
1426201200 51011 1510 51011 1510
1426199400 51011 1510 51011 1510
1426197600 51011 1510 51011 1510
1426195800 51011 1510 51011 1510
1426194000 51011 1510 51011 1510
1426192200 51011 1510 51011 1510
1426190400 51011 1510 51011 1510
1426188600 51011 1510 51011 1510
1426186800 51011 1510 51011 1510
1426185000 51011 1510 51011 1510
1426183200 51011 1510 51011 1510
1426181400 51011 1510 51011 1510
1426179600 51011 1510 51011 1510
1426177800 51011 1510 51011 1510
1426176000 51011 1510 51011 1510
1426174200 51011 1510 51011 1510
1426172400 51011 1510 51011 1510
1426170600 51011 1510 51011 1510
1426168800 51011 1510 51011 1510
1426167000 51011 1510 51011 1510
1426165200 51011 1510 51011 1510
1426163400 51011 1510 51011 1510
1426161600 51011 1510 51011 1510
1426159800 51011 1510 51011 1510
1426158000 51011 1510 51011 1510
1426156200 51011 1510 51011 1510
1426154400 51011 1510 51011 1510
1426152600 51011 1510 51011 1510
1426150800 51011 1510 51011 1510
1426149000 51011 1510 51011 1510
1426147200 51011 1510 51011 1510
1426145400 51011 1510 51011 1510
1426143600 51011 1510 51011 1510
1426141800 51011 1510 51011 1510
1426140000 51011 1510 51011 1510
1426138200 51011 1510 51011 1510
1426136400 51011 1510 51011 1510
1426134600 51011 1510 51011 1510
1426132800 51011 1510 51011 1510
1426131000 51011 1510 51011 1510
1426129200 51011 1510 51011 1510
1426127400 51011 1510 51011 1510
1426125600 51011 1510 51011 1510
1426123800 51011 1510 51011 1510
1426122000 51011 1510 51011 1510
1426120200 51011 1510 51011 1510
1426118400 51011 1510 51011 1510
1426116600 51011 1510 51011 1510
1426114800 51011 1510 51011 1510
1426113000 51011 1510 51011 1510
1426111200 51011 1510 51011 1510
1426109400 51011 1510 51011 1510
1426107600 51011 1510 51011 1510
1426105800 51011 1510 51011 1510
1426104000 51011 1510 51011 1510
1426096800 51011 1510 51011 1510
1426089600 51011 1510 51011 1510
1426082400 51011 1510 51011 1510
1426075200 51011 1510 51011 1510
1426068000 51011 1510 51011 1510
1426060800 51011 1510 51011 1510
1426053600 51011 1510 51011 1510
1426046400 51011 1510 51011 1510
1426039200 51011 1510 51011 1510
1426032000 51011 1510 51011 1510
1426024800 51011 1510 51011 1510
1426017600 51011 1510 51011 1510
1426010400 51011 1510 51011 1510
1426003200 51011 1510 51011 1510
1425996000 51011 1510 51011 1510
1425988800 51011 1510 51011 1510
1425981600 51011 1510 51011 1510
1425974400 51011 1510 51011 1510
1425967200 51011 1510 51011 1510
1425960000 51011 1510 51011 1510
1425952800 51011 1510 51011 1510
1425945600 51011 1510 51011 1510
1425938400 51011 1510 51011 1510
1425931200 51011 1510 51011 1510
1425924000 51011 1510 51011 1510
1425916800 51011 1510 51011 1510
1425909600 51011 1510 51011 1510
1425902400 51011 1510 51011 1510
1425895200 51011 1510 51011 1510
1425888000 51011 1510 51011 1510
1425880800 51011 1510 51011 1510
1425873600 51011 1510 51011 1510
1425866400 51011 1510 51011 1510
1425859200 51011 1510 51011 1510
1425852000 51011 1510 51011 1510
1425844800 51011 1510 51011 1510
1425837600 51011 1510 51011 1510
1425830400 51011 1510 51011 1510
1425823200 51011 1510 51011 1510
1425816000 51011 1510 51011 1510
1425808800 51011 1510 51011 1510
1425801600 51011 1510 51011 1510
1425794400 51011 1510 51011 1510
1425787200 51011 1510 51011 1510
1425780000 51011 1510 51011 1510
1425772800 51011 1510 51011 1510
1425765600 51011 1510 51011 1510
1425758400 51011 1510 51011 1510
1425751200 51011 1510 51011 1510
1425744000 51011 1510 51011 1510
1425736800 51011 1510 51011 1510
1425729600 51011 1510 51011 1510
1425722400 51011 1510 51011 1510
1425715200 51011 1510 51011 1510
1425708000 51011 1510 51011 1510
1425700800 51011 1510 51011 1510
1425693600 51011 1510 51011 1510
1425686400 51011 1510 51011 1510
1425679200 51011 1510 51011 1510
1425672000 51011 1510 51011 1510
1425664800 51011 1510 51011 1510
1425657600 51011 1510 51011 1510
1425650400 51011 1510 51011 1510
1425643200 51011 1510 51011 1510
1425636000 51011 1510 51011 1510
1425628800 51011 1510 51011 1510
1425621600 51011 1510 51011 1510
1425614400 51011 1510 51011 1510
1425607200 51011 1510 51011 1510
1425600000 51011 1510 51011 1510
1425592800 51011 1510 51011 1510
1425585600 51011 1510 51011 1510
1425578400 51011 1510 51011 1510
1425571200 51011 1510 51011 1510
1425564000 51011 1510 51011 1510
1425556800 51011 1510 51011 1510
1425549600 51011 1510 51011 1510
1425542400 51011 1510 51011 1510
1425535200 51011 1510 51011 1510
1425528000 51011 1510 51011 1510
1425520800 51011 1510 51011 1510
1425513600 51011 1510 51011 1510
1425506400 51011 1510 51011 1510
1425499200 51011 1510 51011 1510
1425492000 51011 1510 51011 1510
1425484800 51011 1510 51011 1510
1425477600 51011 1510 51011 1510
1425470400 51011 1510 51011 1510
1425463200 51011 1510 51011 1510
1425456000 51011 1510 51011 1510
1425448800 51011 1510 51011 1510
1425441600 51011 1510 51011 1510
1425434400 51011 1510 51011 1510
1425427200 51011 1510 51011 1510
1425420000 51011 1510 51011 1510
1425412800 51011 1510 51011 1510
1425405600 51011 1510 51011 1510
1425398400 51011 1510 51011 1510
1425391200 51011 1510 51011 1510
1425384000 51011 1510 51011 1510
1425376800 51011 1510 51011 1510
1425369600 51011 1510 51011 1510
1425362400 51011 1510 51011 1510
1425355200 51011 1510 51011 1510
1425348000 51011 1510 51011 1510
1425340800 51011 1510 51011 1510
1425333600 51011 1510 51011 1510
1425326400 51011 1510 51011 1510
1425319200 51011 1510 51011 1510
1425312000 51011 1510 51011 1510
1425304800 51011 1510 51011 1510
1425297600 51011 1510 51011 1510
1425290400 51011 1510 51011 1510
1425283200 51011 1510 51011 1510
1425276000 51011 1510 51011 1510
1425268800 51011 1510 51011 1510
1425261600 51011 1510 51011 1510
1425254400 51011 1510 51011 1510
1425247200 51011 1510 51011 1510
1425240000 51011 1510 51011 1510
1425232800 51011 1510 51011 1510
1425225600 51011 1510 51011 1510
1425218400 51011 1510 51011 1510
1425211200 51011 1510 51011 1510
1425204000 51011 1510 51011 1510
1425196800 51011 1510 51011 1510
1425189600 51011 1510 51011 1510
1425182400 51011 1510 51011 1510
1425175200 51011 1510 51011 1510
1425168000 51011 1510 51011 1510
1425160800 51011 1510 51011 1510
1425153600 51011 1510 51011 1510
1425146400 51011 1510 51011 1510
1425139200 51011 1510 51011 1510
1425132000 51011 1510 51011 1510
1425124800 51011 1510 51011 1510
1425117600 51011 1510 51011 1510
1425110400 51011 1510 51011 1510
1425103200 51011 1510 51011 1510
1425096000 51011 1510 51011 1510
1425088800 51011 1510 51011 1510
1425081600 51011 1510 51011 1510
1425074400 51011 1510 51011 1510
1425067200 51011 1510 51011 1510
1425060000 51011 1510 51011 1510
1425052800 51011 1510 51011 1510
1425045600 51011 1510 51011 1510
1425038400 51011 1510 51011 1510
1425031200 51011 1510 51011 1510
1425024000 51011 1510 51011 1510
1425016800 51011 1510 51011 1510
1425009600 51011 1510 51011 1510
1425002400 51011 1510 51011 1510
1424995200 51011 1510 51011 1510
1424988000 51011 1510 51011 1510
1424980800 51011 1510 51011 1510
1424973600 51011 1510 51011 1510
1424966400 51011 1510 51011 1510
1424959200 51011 1510 51011 1510
1424952000 51011 1510 51011 1510
1424944800 51011 1510 51011 1510
1424937600 51011 1510 51011 1510
1424930400 51011 1510 51011 1510
1424923200 51011 1510 51011 1510
1424916000 51011 1510 51011 1510
1424908800 51011 1510 51011 1510
1424901600 51011 1510 51011 1565
1424894400 51011 1565 51011 1565
1424887200 51011 1565 51011 1565
1424880000 51011 1565 51011 1565
1424872800 51011 1565 51011 1565
1424865600 51011 1565 51011 1565
1424858400 51011 1565 51011 1565
1424851200 51011 1565 51011 1565
1424844000 51011 1565 51011 1565
1424836800 51011 1565 51011 1565
1424829600 51011 1565 51011 1565
1424822400 51011 1565 51011 1565
1424815200 51011 1565 51011 1565
1424808000 51011 1565 51011 1565
1424800800 51011 1565 51011 1565
1424793600 51011 1565 51011 1565
1424786400 2104 1197 51011 1922
1424779200 0 1041 0 1041
1424772000 0 1041 0 1041
1424764800 0 1041 0 1041
1424757600 0 1041 0 1041
1424750400 0 1041 0 1041
1424743200 0 1041 0 1052
1424736000 0 1047 0 1073
1424728800 13 1413 242 2437
1424721600 242 1019 242 1019
1424714400 242 1019 242 1019
1424707200 242 1019 242 1019
1424700000 242 1019 242 1019
1424692800 242 1019 242 1019
1424685600 242 1019 242 1019
1424678400 242 1019 242 1019
1424671200 242 1019 242 1019
1424664000 242 1019 242 1019
1424656800 242 1019 242 1019
1424649600 242 1019 242 1019
1424642400 100 1095 242 14320
1424635200 11 1800 238 14320
1424628000 0 711 0 776
1424620800 0 776 0 776
1424613600 0 776 0 776
1424606400 0 776 0 776
1424599200 0 776 0 776
1424592000 0 776 0 776
1424584800 0 776 0 776
1424577600 0 776 0 776
1424570400 0 776 0 776
1424563200 0 776 0 776
1424556000 0 898 11 3716
1424548800 4 585 104 913
1424541600 2 593 50 1604
1424534400 0 542 0 542
1424527200 0 542 0 542
1424520000 0 542 0 542
1424512800 0 542 0 542
1424505600 0 542 0 542
1424498400 0 542 0 542
1424491200 0 542 0 542
1424484000 0 542 0 542
1424476800 0 542 0 619
1424469600 355 545 17805 698
1424462400 0 596 8 973
1424455200 0 522 0 522
1424448000 0 522 0 522
1424440800 0 522 0 522
1424433600 0 522 0 522
1424426400 0 522 0 522
1424419200 0 522 0 522
1424412000 0 522 0 522
1424404800 0 522 0 522
1424397600 0 522 0 522
1424390400 0 522 0 522
1424383200 0 522 0 522
1424376000 0 522 0 522
1424368800 0 522 0 522
1424361600 0 522 0 522
1424354400 0 522 0 522
1424347200 0 522 0 522
1424340000 0 522 0 522
1424332800 0 522 0 522
1424325600 0 522 0 522
1424318400 0 522 0 522
1424311200 0 522 0 522
1424304000 0 522 0 522
1424296800 0 522 0 522
1424289600 0 522 0 522
1424282400 0 522 0 522
1424275200 0 522 0 522
1424268000 0 522 0 522
1424260800 0 522 0 522
1424253600 0 522 0 522
1424246400 0 522 0 522
1424239200 0 522 0 522
1424232000 0 522 0 522
1424224800 0 522 0 522
1424217600 0 522 0 522
1424210400 0 522 0 522
1424203200 0 522 0 522
1424196000 0 522 0 522
1424188800 0 522 0 522
1424181600 0 522 0 522
1424174400 0 522 0 522
1424167200 0 522 0 522
1424160000 0 522 0 522
1424152800 0 522 0 522
1424145600 0 522 0 522
1424138400 0 522 0 522
1424131200 0 522 0 522
1424124000 0 522 0 522
1424116800 0 522 0 522
1424109600 0 522 0 522
1424102400 0 522 0 522
1424095200 0 522 0 522
1424088000 0 522 0 522
1424080800 0 522 0 522
1424073600 0 522 0 522
1424066400 0 522 0 522
1424059200 0 522 0 522
1424052000 0 522 0 522
1424044800 0 517 0 529
1424037600 0 505 12 515
1424030400 32 461 113 621
1424023200 0 520 0 520
1424016000 0 520 0 520
1424008800 0 520 0 520
1424001600 0 520 0 520
1423994400 0 520 0 520
1423987200 0 520 0 520
1423980000 0 520 0 520
1423972800 0 520 0 536
1423965600 0 515 0 609
1423958400 0 289 18 524
1423951200 0 0 0 0
1423944000 0 0 0 0
1423936800 0 0 0 0
1423929600 0 0 0 0
1423922400 0 0 0 0
1423915200 0 0 0 0
1423908000 0 0 0 0
1423900800 0 0 0 0
1423893600 0 0 0 0
1423886400 0 0 0 0
1423879200 0 0 0 0
1423872000 0 0 0 0
1423864800 0 0 0 0
1423857600 0 0 0 0
1423850400 0 0 0 0
1423843200 0 0 0 0
1423836000 0 0 0 0
1423828800 0 0 0 0
1423821600 0 0 0 0
1423814400 0 0 0 0
1423807200 0 0 0 0
1423800000 0 0 0 0
1423792800 0 0 0 0
1423785600 0 0 0 0
1423778400 0 0 0 0
1423771200 0 0 0 0
1423764000 0 0 0 0
1423756800 0 0 0 0
1423749600 0 0 0 0
1423742400 0 0 0 0
1423735200 0 0 0 0
1423728000 0 0 0 0
1423720800 0 0 0 0
1423713600 0 0 0 0
1423706400 0 0 0 0
1423699200 0 0 0 0
1423692000 0 0 0 0
1423684800 0 0 0 0
1423677600 0 0 0 0
1423670400 0 0 0 0
1423663200 0 0 0 0
1423656000 0 0 0 0
1423648800 0 0 0 0
1423641600 0 0 0 0
1423634400 0 0 0 0
1423627200 0 0 0 0
1423620000 0 0 0 0
1423612800 0 0 0 0
1423605600 0 0 0 0
1423598400 0 0 0 0
1423591200 0 0 0 0
1423584000 0 0 0 0
1423576800 0 0 0 0
1423569600 0 0 0 0
1423562400 0 0 0 0
1423555200 0 0 0 0
1423548000 0 0 0 0
1423540800 0 0 0 0
1423533600 0 0 0 0
1423526400 0 0 0 0
1423519200 0 0 0 0
1423512000 0 0 0 0
1423504800 0 0 0 0
1423497600 0 0 0 0
1423490400 0 0 0 0
1423483200 0 0 0 0
1423476000 0 0 0 0
1423468800 0 0 0 0
1423461600 0 0 0 0
1423454400 0 0 0 0
1423447200 0 0 0 0
1423440000 0 0 0 0
1423432800 0 0 0 0
1423425600 0 0 0 0
1423418400 0 0 0 0
1423411200 0 0 0 0
1423404000 0 0 0 0
1423396800 0 0 0 0
1423389600 0 0 0 0
1423382400 0 0 0 0
1423375200 0 0 0 0
1423368000 0 0 0 0
1423360800 0 0 0 0
1423353600 0 0 0 0
1423346400 0 0 0 0
1423339200 0 0 0 0
1423332000 0 0 0 0
1423324800 0 0 0 0
1423317600 0 0 0 0
1423310400 0 0 0 0
1423303200 0 0 0 0
1423296000 0 0 0 0
1423288800 0 0 0 0
1423281600 0 0 0 0
1423274400 0 0 0 0
1423267200 0 0 0 0
1423260000 0 0 0 0
1423252800 0 0 0 0
1423245600 0 0 0 0
1423238400 0 0 0 0
1423231200 0 0 0 0
1423224000 0 0 0 0
1423216800 0 0 0 0
1423209600 0 0 0 0
1423202400 0 0 0 0
1423195200 0 0 0 0
1423188000 0 0 0 0
1423180800 0 0 0 0
1423173600 0 0 0 0
1423166400 0 0 0 0
1423159200 0 0 0 0
1423152000 0 0 0 0
1423144800 0 0 0 0
1423137600 0 0 0 0
1423130400 0 0 0 0
1423123200 0 0 0 0
1423116000 0 0 0 0
1423108800 0 0 0 0
1423101600 0 0 0 0
1423094400 0 0 0 0
1423087200 0 0 0 0
1423080000 0 0 0 0
1423072800 0 0 0 0
1423065600 0 0 0 0
1423058400 0 0 0 0
1423051200 0 0 0 0
1423044000 0 0 0 0
1423036800 0 0 0 0
1423029600 0 0 0 0
1423022400 0 0 0 0
1423015200 0 0 0 0
1423008000 0 0 0 0
1423000800 0 0 0 0
1422993600 0 0 0 0
1422986400 0 0 0 0
1422979200 0 0 0 0
1422972000 0 0 0 0
1422964800 0 0 0 0
1422957600 0 0 0 0
1422950400 0 0 0 0
1422943200 0 0 0 0
1422936000 0 0 0 0
1422928800 0 0 0 0
1422921600 0 0 0 0
1422914400 0 0 0 0
1422907200 0 0 0 0
1422900000 0 0 0 0
1422892800 0 0 0 0
1422885600 0 0 0 0
1422878400 0 0 0 0
1422871200 0 0 0 0
1422864000 0 0 0 0
1422856800 0 0 0 0
1422849600 0 0 0 0
1422842400 0 0 0 0
1422835200 0 0 0 0
1422828000 0 0 0 0
1422820800 0 0 0 0
1422813600 0 0 0 0
1422806400 0 0 0 0
1422799200 0 0 0 0
1422792000 0 0 0 0
1422784800 0 0 0 0
1422777600 0 0 0 0
1422770400 0 0 0 0
1422763200 0 0 0 0
1422756000 0 0 0 0
1422748800 0 0 0 0
1422741600 0 0 0 0
1422734400 0 0 0 0
1422727200 0 0 0 0
1422720000 0 0 0 0
1422712800 0 0 0 0
1422705600 0 0 0 0
1422698400 0 0 0 0
1422691200 0 0 0 0
1422684000 0 0 0 0
1422676800 0 0 0 0
1422669600 0 0 0 0
1422662400 0 0 0 0
1422655200 0 0 0 0
1422648000 0 0 0 0
1422640800 0 0 0 0
1422633600 0 0 0 0
1422626400 0 0 0 0
1422619200 0 0 0 0
1422612000 0 0 0 0
1422604800 0 0 0 0
1422597600 0 0 0 0
1422590400 0 0 0 0
1422583200 0 0 0 0
1422576000 0 0 0 0
1422568800 0 0 0 0
1422561600 0 0 0 0
1422554400 0 0 0 0
1422547200 0 0 0 0
1422540000 0 0 0 0
1422532800 0 0 0 0
1422525600 0 0 0 0
1422518400 0 0 0 0
1422511200 0 0 0 0
1422504000 0 0 0 0
1422496800 0 0 0 0
1422489600 0 0 0 0
1422482400 0 0 0 0
1422475200 0 0 0 0
1422468000 0 0 0 0
1422460800 0 0 0 0
1422453600 0 0 0 0
1422446400 0 0 0 0
1422439200 0 0 0 0
1422432000 0 0 0 0
1422424800 0 0 0 0
1422417600 0 0 0 0
1422410400 0 0 0 0
1422403200 0 0 0 0
1422396000 0 0 0 0
1422388800 0 0 0 0
1422381600 0 0 0 0
1422374400 0 0 0 0
1422367200 0 0 0 0
1422360000 0 0 0 0
1422352800 0 0 0 0
1422345600 0 0 0 0
1422338400 0 0 0 0
1422331200 0 0 0 0
1422324000 0 0 0 0
1422316800 0 0 0 0
1422309600 0 0 0 0
1422302400 0 0 0 0
1422295200 0 0 0 0
1422288000 0 0 0 0
1422280800 0 0 0 0
1422273600 0 0 0 0
1422266400 0 0 0 0
1422259200 0 0 0 0
1422252000 0 0 0 0
1422244800 0 0 0 0
1422237600 0 0 0 0
1422230400 0 0 0 0
1422223200 0 0 0 0
1422216000 0 0 0 0
1422208800 0 0 0 0
1422201600 0 0 0 0
1422194400 0 0 0 0
1422187200 0 0 0 0
1422180000 0 0 0 0
1422172800 0 0 0 0
1422165600 0 0 0 0
1422158400 0 0 0 0
1422151200 0 0 0 0
1422144000 0 0 0 0
1422136800 0 0 0 0
1422129600 0 0 0 0
1422122400 0 0 0 0
1422115200 0 0 0 0
1422108000 0 0 0 0
1422100800 0 0 0 0
1422093600 0 0 0 0
1422086400 0 0 0 0
1422079200 0 0 0 0
1422072000 0 0 0 0
1422064800 0 0 0 0
1422057600 0 0 0 0
1422050400 0 0 0 0
1422043200 0 0 0 0
1422036000 0 0 0 0
1422028800 0 0 0 0
1422021600 0 0 0 0
1422014400 0 0 0 0
1422007200 0 0 0 0
1422000000 0 0 0 0
1421992800 0 0 0 0
1421985600 0 0 0 0
1421978400 0 0 0 0
1421971200 0 0 0 0
1421964000 0 0 0 0
1421956800 0 0 0 0
1421949600 0 0 0 0
1421942400 0 0 0 0
1421935200 0 0 0 0
1421928000 0 0 0 0
1421920800 0 0 0 0
1421913600 0 0 0 0
1421906400 0 0 0 0
1421899200 0 0 0 0
1421892000 0 0 0 0
1421884800 0 0 0 0
1421877600 0 0 0 0
1421870400 0 0 0 0
1421863200 0 0 0 0
1421856000 0 0 0 0
1421848800 0 0 0 0
1421841600 0 0 0 0
1421834400 0 0 0 0
1421827200 0 0 0 0
1421820000 0 0 0 0
1421812800 0 0 0 0
1421805600 0 0 0 0
1421798400 0 0 0 0
1421791200 0 0 0 0
1421784000 0 0 0 0
1421712000 0 0 0 0
1421625600 0 0 0 0
1421539200 0 0 0 0
1421452800 0 0 0 0
1421366400 0 0 0 0
1421280000 0 0 0 0
1421193600 0 0 0 0
1421107200 0 0 0 0
1421020800 0 0 0 0
1420934400 0 0 0 0
1420848000 0 0 0 0
1420761600 0 0 0 0
1420675200 0 0 0 0
1420588800 0 0 0 0
1420502400 0 0 0 0
1420416000 0 0 0 0
1420329600 0 0 0 0
1420243200 0 0 0 0
1420156800 0 0 0 0
1420070400 0 0 0 0
1419984000 0 0 0 0
1419897600 0 0 0 0
1419811200 0 0 0 0
1419724800 0 0 0 0
1419638400 0 0 0 0
1419552000 0 0 0 0
1419465600 0 0 0 0
1419379200 0 0 0 0
1419292800 0 0 0 0
1419206400 0 0 0 0
1419120000 0 0 0 0
1419033600 0 0 0 0
1418947200 0 0 0 0
1418860800 0 0 0 0
1418774400 0 0 0 0
1418688000 0 0 0 0
1418601600 0 0 0 0
1418515200 0 0 0 0
1418428800 0 0 0 0
1418342400 0 0 0 0
1418256000 0 0 0 0
1418169600 0 0 0 0
1418083200 0 0 0 0
1417996800 0 0 0 0
1417910400 0 0 0 0
1417824000 0 0 0 0
1417737600 0 0 0 0
1417651200 0 0 0 0
1417564800 0 0 0 0
1417478400 0 0 0 0
1417392000 0 0 0 0
1417305600 0 0 0 0
1417219200 0 0 0 0
1417132800 0 0 0 0
1417046400 0 0 0 0
1416960000 0 0 0 0
1416873600 0 0 0 0
1416787200 0 0 0 0
1416700800 0 0 0 0
1416614400 0 0 0 0
1416528000 0 0 0 0
1416441600 0 0 0 0
1416355200 0 0 0 0
1416268800 0 0 0 0
1416182400 0 0 0 0
1416096000 0 0 0 0
1416009600 0 0 0 0
1415923200 0 0 0 0
1415836800 0 0 0 0
1415750400 0 0 0 0
1415664000 0 0 0 0
1415577600 0 0 0 0
1415491200 0 0 0 0
1415404800 0 0 0 0
1415318400 0 0 0 0
1415232000 0 0 0 0
1415145600 0 0 0 0
1415059200 0 0 0 0
1414972800 0 0 0 0
1414886400 0 0 0 0
1414800000 0 0 0 0
1414713600 0 0 0 0
1414627200 0 0 0 0
1414540800 0 0 0 0
1414454400 0 0 0 0
1414368000 0 0 0 0
1414281600 0 0 0 0
1414195200 0 0 0 0
1414108800 0 0 0 0
1414022400 0 0 0 0
1413936000 0 0 0 0
1413849600 0 0 0 0
1413763200 0 0 0 0
1413676800 0 0 0 0
1413590400 0 0 0 0
1413504000 0 0 0 0
1413417600 0 0 0 0
1413331200 0 0 0 0
1413244800 0 0 0 0
1413158400 0 0 0 0
1413072000 0 0 0 0
1412985600 0 0 0 0
1412899200 0 0 0 0
1412812800 0 0 0 0
1412726400 0 0 0 0
1412640000 0 0 0 0
1412553600 0 0 0 0
1412467200 0 0 0 0
1412380800 0 0 0 0
1412294400 0 0 0 0
1412208000 0 0 0 0
1412121600 0 0 0 0
1412035200 0 0 0 0
1411948800 0 0 0 0
1411862400 0 0 0 0
1411776000 0 0 0 0
1411689600 0 0 0 0
1411603200 0 0 0 0
1411516800 0 0 0 0
1411430400 0 0 0 0
1411344000 0 0 0 0
1411257600 0 0 0 0
1411171200 0 0 0 0
1411084800 0 0 0 0
1410998400 0 0 0 0
1410912000 0 0 0 0
1410825600 0 0 0 0
1410739200 0 0 0 0
1410652800 0 0 0 0
1410566400 0 0 0 0
1410480000 0 0 0 0
1410393600 0 0 0 0
1410307200 0 0 0 0
1410220800 0 0 0 0
1410134400 0 0 0 0
1410048000 0 0 0 0
1409961600 0 0 0 0
1409875200 0 0 0 0
1409788800 0 0 0 0
1409702400 0 0 0 0
1409616000 0 0 0 0
1409529600 0 0 0 0
1409443200 0 0 0 0
1409356800 0 0 0 0
1409270400 0 0 0 0
1409184000 0 0 0 0
1409097600 0 0 0 0
1409011200 0 0 0 0
1408924800 0 0 0 0
1408838400 0 0 0 0
1408752000 0 0 0 0
1408665600 0 0 0 0
1408579200 0 0 0 0
1408492800 0 0 0 0
1408406400 0 0 0 0
1408320000 0 0 0 0
1408233600 0 0 0 0
1408147200 0 0 0 0
1408060800 0 0 0 0
1407974400 0 0 0 0
1407888000 0 0 0 0
1407801600 0 0 0 0
1407715200 0 0 0 0
1407628800 0 0 0 0
1407542400 0 0 0 0
1407456000 0 0 0 0
1407369600 0 0 0 0
1407283200 0 0 0 0
1407196800 0 0 0 0
1407110400 0 0 0 0
1407024000 0 0 0 0
1406937600 0 0 0 0
1406851200 0 0 0 0
1406764800 0 0 0 0
1406678400 0 0 0 0
1406592000 0 0 0 0
1406505600 0 0 0 0
1406419200 0 0 0 0
1406332800 0 0 0 0
1406246400 0 0 0 0
1406160000 0 0 0 0
1406073600 0 0 0 0
1405987200 0 0 0 0
1405900800 0 0 0 0
1405814400 0 0 0 0
1405728000 0 0 0 0
1405641600 0 0 0 0
1405555200 0 0 0 0
1405468800 0 0 0 0
1405382400 0 0 0 0
1405296000 0 0 0 0
1405209600 0 0 0 0
1405123200 0 0 0 0
1405036800 0 0 0 0
1404950400 0 0 0 0
1404864000 0 0 0 0
1404777600 0 0 0 0
1404691200 0 0 0 0
1404604800 0 0 0 0
1404518400 0 0 0 0
1404432000 0 0 0 0
1404345600 0 0 0 0
1404259200 0 0 0 0
1404172800 0 0 0 0
1404086400 0 0 0 0
1404000000 0 0 0 0
1403913600 0 0 0 0
1403827200 0 0 0 0
1403740800 0 0 0 0
1403654400 0 0 0 0
1403568000 0 0 0 0
1403481600 0 0 0 0
1403395200 0 0 0 0
1403308800 0 0 0 0
1403222400 0 0 0 0
1403136000 0 0 0 0
1403049600 0 0 0 0
1402963200 0 0 0 0
1402876800 0 0 0 0
1402790400 0 0 0 0
1402704000 0 0 0 0
1402617600 0 0 0 0
1402531200 0 0 0 0
1402444800 0 0 0 0
1402358400 0 0 0 0
1402272000 0 0 0 0
1402185600 0 0 0 0
1402099200 0 0 0 0
1402012800 0 0 0 0
1401926400 0 0 0 0
1401840000 0 0 0 0
1401753600 0 0 0 0
1401667200 0 0 0 0
1401580800 0 0 0 0
1401494400 0 0 0 0
1401408000 0 0 0 0
1401321600 0 0 0 0
1401235200 0 0 0 0
1401148800 0 0 0 0
1401062400 0 0 0 0
1400976000 0 0 0 0
1400889600 0 0 0 0
1400803200 0 0 0 0
1400716800 0 0 0 0
1400630400 0 0 0 0
1400544000 0 0 0 0
1400457600 0 0 0 0
1400371200 0 0 0 0
1400284800 0 0 0 0
1400198400 0 0 0 0
1400112000 0 0 0 0
1400025600 0 0 0 0
1399939200 0 0 0 0
1399852800 0 0 0 0
1399766400 0 0 0 0
1399680000 0 0 0 0
1399593600 0 0 0 0
1399507200 0 0 0 0
1399420800 0 0 0 0
1399334400 0 0 0 0
1399248000 0 0 0 0
1399161600 0 0 0 0
1399075200 0 0 0 0
1398988800 0 0 0 0
1398902400 0 0 0 0
1398816000 0 0 0 0
1398729600 0 0 0 0
1398643200 0 0 0 0
1398556800 0 0 0 0
1398470400 0 0 0 0
1398384000 0 0 0 0
1398297600 0 0 0 0
1398211200 0 0 0 0
1398124800 0 0 0 0
1398038400 0 0 0 0
1397952000 0 0 0 0
1397865600 0 0 0 0
1397779200 0 0 0 0
1397692800 0 0 0 0
1397606400 0 0 0 0
1397520000 0 0 0 0
1397433600 0 0 0 0
1397347200 0 0 0 0
1397260800 0 0 0 0
1397174400 0 0 0 0
1397088000 0 0 0 0
1397001600 0 0 0 0
1396915200 0 0 0 0
1396828800 0 0 0 0
1396742400 0 0 0 0
1396656000 0 0 0 0
1396569600 0 0 0 0
1396483200 0 0 0 0
1396396800 0 0 0 0
1396310400 0 0 0 0
1396224000 0 0 0 0
1396137600 0 0 0 0
1396051200 0 0 0 0
1395964800 0 0 0 0
1395878400 0 0 0 0
1395792000 0 0 0 0
1395705600 0 0 0 0
1395619200 0 0 0 0
1395532800 0 0 0 0
1395446400 0 0 0 0
1395360000 0 0 0 0
1395273600 0 0 0 0
1395187200 0 0 0 0
1395100800 0 0 0 0
1395014400 0 0 0 0
1394928000 0 0 0 0
1394841600 0 0 0 0
1394755200 0 0 0 0
1394668800 0 0 0 0
1394582400 0 0 0 0
1394496000 0 0 0 0
1394409600 0 0 0 0
1394323200 0 0 0 0
1394236800 0 0 0 0
1394150400 0 0 0 0
1394064000 0 0 0 0
1393977600 0 0 0 0
1393891200 0 0 0 0
1393804800 0 0 0 0
1393718400 0 0 0 0
1393632000 0 0 0 0
1393545600 0 0 0 0
1393459200 0 0 0 0
1393372800 0 0 0 0
1393286400 0 0 0 0
1393200000 0 0 0 0
1393113600 0 0 0 0
1393027200 0 0 0 0
1392940800 0 0 0 0
1392854400 0 0 0 0
1392768000 0 0 0 0
1392681600 0 0 0 0
1392595200 0 0 0 0
1392508800 0 0 0 0
1392422400 0 0 0 0
1392336000 0 0 0 0
1392249600 0 0 0 0
1392163200 0 0 0 0
1392076800 0 0 0 0
1391990400 0 0 0 0
1391904000 0 0 0 0
1391817600 0 0 0 0
1391731200 0 0 0 0
1391644800 0 0 0 0
1391558400 0 0 0 0
1391472000 0 0 0 0
1391385600 0 0 0 0
1391299200 0 0 0 0
1391212800 0 0 0 0
1391126400 0 0 0 0
1391040000 0 0 0 0
1390953600 0 0 0 0
1390867200 0 0 0 0
1390780800 0 0 0 0
1390694400 0 0 0 0
1390608000 0 0 0 0
1390521600 0 0 0 0
1390435200 0 0 0 0
1390348800 0 0 0 0
1390262400 0 0 0 0
1390176000 0 0 0 0
1390089600 0 0 0 0
1390003200 0 0 0 0
1389916800 0 0 0 0
1389830400 0 0 0 0
1389744000 0 0 0 0
1389657600 0 0 0 0
1389571200 0 0 0 0
1389484800 0 0 0 0
1389398400 0 0 0 0
1389312000 0 0 0 0
1389225600 0 0 0 0
1389139200 0 0 0 0
1389052800 0 0 0 0
1388966400 0 0 0 0
1388880000 0 0 0 0
1388793600 0 0 0 0
1388707200 0 0 0 0
1388620800 0 0 0 0
1388534400 0 0 0 0
1388448000 0 0 0 0
1388361600 0 0 0 0
1388275200 0 0 0 0
1388188800 0 0 0 0
1388102400 0 0 0 0
1388016000 0 0 0 0
1387929600 0 0 0 0
1387843200 0 0 0 0
1387756800 0 0 0 0
1387670400 0 0 0 0
1387584000 0 0 0 0
1387497600 0 0 0 0
1387411200 0 0 0 0
1387324800 0 0 0 0
1387238400 0 0 0 0
1387152000 0 0 0 0
1387065600 0 0 0 0
1386979200 0 0 0 0
1386892800 0 0 0 0
1386806400 0 0 0 0
1386720000 0 0 0 0
1386633600 0 0 0 0
1386547200 0 0 0 0
1386460800 0 0 0 0
1386374400 0 0 0 0
1386288000 0 0 0 0
1386201600 0 0 0 0
1386115200 0 0 0 0
1386028800 0 0 0 0
1385942400 0 0 0 0
1385856000 0 0 0 0
1385769600 0 0 0 0
1385683200 0 0 0 0
1385596800 0 0 0 0
1385510400 0 0 0 0
1385424000 0 0 0 0
1385337600 0 0 0 0
1385251200 0 0 0 0
1385164800 0 0 0 0
1385078400 0 0 0 0
1384992000 0 0 0 0
1384905600 0 0 0 0
1384819200 0 0 0 0
1384732800 0 0 0 0
1384646400 0 0 0 0
1384560000 0 0 0 0
1384473600 0 0 0 0
1384387200 0 0 0 0
1384300800 0 0 0 0
1384214400 0 0 0 0
1384128000 0 0 0 0
1384041600 0 0 0 0
1383955200 0 0 0 0
1383868800 0 0 0 0
1383782400 0 0 0 0
1383696000 0 0 0 0
1383609600 0 0 0 0
1383523200 0 0 0 0
1383436800 0 0 0 0
1383350400 0 0 0 0
1383264000 0 0 0 0
1383177600 0 0 0 0
1383091200 0 0 0 0
1383004800 0 0 0 0
1382918400 0 0 0 0
1382832000 0 0 0 0
1382745600 0 0 0 0
1382659200 0 0 0 0
1382572800 0 0 0 0
1382486400 0 0 0 0
1382400000 0 0 0 0
1382313600 0 0 0 0
1382227200 0 0 0 0
1382140800 0 0 0 0
1382054400 0 0 0 0
1381968000 0 0 0 0
1381881600 0 0 0 0
1381795200 0 0 0 0
1381708800 0 0 0 0
1381622400 0 0 0 0
1381536000 0 0 0 0
1381449600 0 0 0 0
1381363200 0 0 0 0
1381276800 0 0 0 0
1381190400 0 0 0 0
1381104000 0 0 0 0
1381017600 0 0 0 0
1380931200 0 0 0 0
1380844800 0 0 0 0
1380758400 0 0 0 0
1380672000 0 0 0 0
1380585600 0 0 0 0
1380499200 0 0 0 0
1380412800 0 0 0 0
1380326400 0 0 0 0
1380240000 0 0 0 0
1380153600 0 0 0 0
1380067200 0 0 0 0
1379980800 0 0 0 0
1379894400 0 0 0 0
1379808000 0 0 0 0
1379721600 0 0 0 0
1379635200 0 0 0 0
1379548800 0 0 0 0
1379462400 0 0 0 0
1379376000 0 0 0 0
1379289600 0 0 0 0
1379203200 0 0 0 0
1379116800 0 0 0 0
1379030400 0 0 0 0
1378944000 0 0 0 0
1378857600 0 0 0 0
1378771200 0 0 0 0
1378684800 0 0 0 0
1378598400 0 0 0 0
1378512000 0 0 0 0
1378425600 0 0 0 0
1378339200 0 0 0 0
1378252800 0 0 0 0
1378166400 0 0 0 0
1378080000 0 0 0 0
1377993600 0 0 0 0
1377907200 0 0 0 0
1377820800 0 0 0 0
1377734400 0 0 0 0
1377648000 0 0 0 0
1377561600 0 0 0 0
1377475200 0 0 0 0
1377388800 0 0 0 0
1377302400 0 0 0 0
1377216000 0 0 0 0
1377129600 0 0 0 0
1377043200 0 0 0 0
1376956800 0 0 0 0
1376870400 0 0 0 0
1376784000 0 0 0 0
1376697600 0 0 0 0
1376611200 0 0 0 0
1376524800 0 0 0 0
1376438400 0 0 0 0
1376352000 0 0 0 0
1376265600 0 0 0 0
1376179200 0 0 0 0
1376092800 0 0 0 0
1376006400 0 0 0 0
1375920000 0 0 0 0
1375833600 0 0 0 0
1375747200 0 0 0 0
1375660800 0 0 0 0
1375574400 0 0 0 0
1375488000 0 0 0 0
1375401600 0 0 0 0
1375315200 0 0 0 0
1375228800 0 0 0 0
1375142400 0 0 0 0
1375056000 0 0 0 0
1374969600 0 0 0 0
1374883200 0 0 0 0
1374796800 0 0 0 0
1374710400 0 0 0 0
1374624000 0 0 0 0
1374537600 0 0 0 0
1374451200 0 0 0 0
1374364800 0 0 0 0
1374278400 0 0 0 0
1374192000 0 0 0 0
1374105600 0 0 0 0
1374019200 0 0 0 0
1373932800 0 0 0 0
1373846400 0 0 0 0
1373760000 0 0 0 0
1373673600 0 0 0 0
1373587200 0 0 0 0
1373500800 0 0 0 0
1373414400 0 0 0 0
1373328000 0 0 0 0
1373241600 0 0 0 0
1373155200 0 0 0 0
1373068800 0 0 0 0
1372982400 0 0 0 0
1372896000 0 0 0 0
1372809600 0 0 0 0
1372723200 0 0 0 0
1372636800 0 0 0 0
1372550400 0 0 0 0
1372464000 0 0 0 0
1372377600 0 0 0 0
1372291200 0 0 0 0
1372204800 0 0 0 0
1372118400 0 0 0 0
1372032000 0 0 0 0
1371945600 0 0 0 0
1371859200 0 0 0 0
1371772800 0 0 0 0
1371686400 0 0 0 0
1371600000 0 0 0 0
1371513600 0 0 0 0
1371427200 0 0 0 0
1371340800 0 0 0 0
1371254400 0 0 0 0
1371168000 0 0 0 0
1371081600 0 0 0 0
1370995200 0 0 0 0
1370908800 0 0 0 0
1370822400 0 0 0 0
1370736000 0 0 0 0
1370649600 0 0 0 0
1370563200 0 0 0 0
1370476800 0 0 0 0
1370390400 0 0 0 0
1370304000 0 0 0 0
1370217600 0 0 0 0
1370131200 0 0 0 0
1370044800 0 0 0 0
1369958400 0 0 0 0
1369872000 0 0 0 0
1369785600 0 0 0 0
1369699200 0 0 0 0
1369612800 0 0 0 0
1369526400 0 0 0 0
1369440000 0 0 0 0
1369353600 0 0 0 0
1369267200 0 0 0 0
1369180800 0 0 0 0
1369094400 0 0 0 0
1369008000 0 0 0 0
1368921600 0 0 0 0
1368835200 0 0 0 0
1368748800 0 0 0 0
1368662400 0 0 0 0
1368576000 0 0 0 0
1368489600 0 0 0 0
1368403200 0 0 0 0
1368316800 0 0 0 0
1368230400 0 0 0 0
1368144000 0 0 0 0
1368057600 0 0 0 0
1367971200 0 0 0 0
1367884800 0 0 0 0
1367798400 0 0 0 0
1367712000 0 0 0 0
1367625600 0 0 0 0
1367539200 0 0 0 0
1367452800 0 0 0 0
1367366400 0 0 0 0
1367280000 0 0 0 0
1367193600 0 0 0 0
1367107200 0 0 0 0
1367020800 0 0 0 0
1366934400 0 0 0 0
1366848000 0 0 0 0
1366761600 0 0 0 0
1366675200 0 0 0 0
1366588800 0 0 0 0
1366502400 0 0 0 0
1366416000 0 0 0 0
1366329600 0 0 0 0
1366243200 0 0 0 0
1366156800 0 0 0 0
1366070400 0 0 0 0
1365984000 0 0 0 0
1365897600 0 0 0 0
1365811200 0 0 0 0
1365724800 0 0 0 0
1365638400 0 0 0 0
1365552000 0 0 0 0
1365465600 0 0 0 0
1365379200 0 0 0 0
1365292800 0 0 0 0
1365206400 0 0 0 0
1365120000 0 0 0 0
1365033600 0 0 0 0
1364947200 0 0 0 0
1364860800 0 0 0 0
1364774400 0 0 0 0
1364688000 0 0 0 0
1364601600 0 0 0 0
1364515200 0 0 0 0
1364428800 0 0 0 0
1364342400 0 0 0 0
1364256000 0 0 0 0
1364169600 0 0 0 0
1364083200 0 0 0 0
1363996800 0 0 0 0
1363910400 0 0 0 0
1363824000 0 0 0 0
1363737600 0 0 0 0
1363651200 0 0 0 0
1363564800 0 0 0 0
1363478400 0 0 0 0
1363392000 0 0 0 0
1363305600 0 0 0 0
1363219200 0 0 0 0
1363132800 0 0 0 0
1363046400 0 0 0 0
1362960000 0 0 0 0
1362873600 0 0 0 0
1362787200 0 0 0 0
1362700800 0 0 0 0
1362614400 0 0 0 0
1362528000 0 0 0 0
1362441600 0 0 0 0
1362355200 0 0 0 0
1362268800 0 0 0 0
1362182400 0 0 0 0
1362096000 0 0 0 0
1362009600 0 0 0 0
1361923200 0 0 0 0
1361836800 0 0 0 0
1361750400 0 0 0 0
1361664000 0 0 0 0
1361577600 0 0 0 0
1361491200 0 0 0 0
1361404800 0 0 0 0
1361318400 0 0 0 0
1361232000 0 0 0 0
1361145600 0 0 0 0
1361059200 0 0 0 0
1360972800 0 0 0 0
1360886400 0 0 0 0
1360800000 0 0 0 0
1360713600 0 0 0 0
1360627200 0 0 0 0
1360540800 0 0 0 0
1360454400 0 0 0 0
1360368000 0 0 0 0
1360281600 0 0 0 0
1360195200 0 0 0 0
1360108800 0 0 0 0
1360022400 0 0 0 0
1359936000 0 0 0 0
1359849600 0 0 0 0
1359763200 0 0 0 0
1359676800 0 0 0 0
1359590400 0 0 0 0
1359504000 0 0 0 0
1359417600 0 0 0 0
1359331200 0 0 0 0
1359244800 0 0 0 0
1359158400 0 0 0 0
1359072000 0 0 0 0
1358985600 0 0 0 0
1358899200 0 0 0 0
1358812800 0 0 0 0
1358726400 0 0 0 0
1358640000 0 0 0 0
1358553600 0 0 0 0
